
   0.062274,,demo,6,demo.fxp,1
   0.000044,,demo,7,demo.fxp,1
   0.000018,,demo,8,demo.fxp,1
   0.000016,,demo,9,demo.fxp,1
   0.011550,,demo,10,demo.fxp,1
   0.007096,,demo,11,demo.fxp,1
   0.000050,,demo,12,demo.fxp,1
   0.050201,,demo,13,demo.fxp,1
   0.000222,,__ri_insert_demochild,411,demo.dct,2
   0.000029,,__ri_insert_demochild,412,demo.dct,2
   0.000025,,__ri_insert_demochild,413,demo.dct,2
   0.000016,,__ri_insert_demochild,414,demo.dct,2
   0.000021,,__ri_insert_demochild,415,demo.dct,2
   0.000020,,__ri_insert_demochild,416,demo.dct,2
   0.000028,,__ri_insert_demochild,417,demo.dct,2
   0.001032,,__ri_insert_demochild,418,demo.dct,2
   0.000032,,__ri_insert_demochild,420,demo.dct,2
   0.000030,,__ri_insert_demochild,421,demo.dct,2
   0.000026,,__ri_insert_demochild,422,demo.dct,2
   0.000021,,__ri_insert_demochild,423,demo.dct,2
   0.000020,,__ri_insert_demochild,424,demo.dct,2
   0.000025,,__ri_insert_demochild,425,demo.dct,2
   0.000025,,__ri_insert_demochild,426,demo.dct,2
   0.000016,,__ri_insert_demochild,427,demo.dct,2
   0.000016,,__ri_insert_demochild,428,demo.dct,2
   0.000021,,__ri_insert_demochild,429,demo.dct,2
   0.000025,,__ri_insert_demochild,430,demo.dct,2
   0.000022,,__ri_insert_demochild,431,demo.dct,2
   0.000018,,__ri_insert_demochild,432,demo.dct,2
   0.000080,,__ri_insert_demochild,433,demo.dct,2
   0.000045,,__ri_insert_demochild,434,demo.dct,2
   0.000022,,__ri_insert_demochild,437,demo.dct,2
   0.000022,,__ri_insert_demochild,438,demo.dct,2
   0.041342,,__ri_insert_demochild,439,demo.dct,2
   0.000039,,__ri_insert_demochild,440,demo.dct,2
   0.000019,,__ri_insert_demochild,441,demo.dct,2
   0.000017,,__ri_insert_demochild,442,demo.dct,2
   0.000017,,__ri_insert_demochild,443,demo.dct,2
   0.000021,,__ri_insert_demochild,444,demo.dct,2
   0.000019,,__ri_insert_demochild,445,demo.dct,2
   0.000018,,__ri_insert_demochild,446,demo.dct,2
   0.000017,,__ri_insert_demochild,447,demo.dct,2
   0.000022,,__ri_insert_demochild,448,demo.dct,2
   0.000028,,__ri_insert_demochild,449,demo.dct,2
   0.000031,,__ri_insert_demochild,450,demo.dct,2
   0.000019,,__ri_insert_demochild,451,demo.dct,2
   0.000023,,__ri_insert_demochild,452,demo.dct,2
   0.000026,,__ri_insert_demochild,453,demo.dct,2
   0.002822,,__ri_insert_demochild,454,demo.dct,2
   0.000033,,riopen,72,demo.dct,3
   0.000021,,riopen,73,demo.dct,3
   0.000029,,riopen,74,demo.dct,3
   0.000021,,riopen,75,demo.dct,3
   0.000017,,riopen,84,demo.dct,3
   0.000016,,riopen,85,demo.dct,3
   0.000023,,riopen,86,demo.dct,3
   0.000024,,riopen,87,demo.dct,3
   0.000017,,riopen,88,demo.dct,3
   0.002217,,riopen,90,demo.dct,3
   0.000028,,riopen,91,demo.dct,3
   0.000025,,riopen,94,demo.dct,3
   0.000022,,riopen,95,demo.dct,3
   0.000017,,riopen,96,demo.dct,3
   0.000016,,riopen,99,demo.dct,3
   0.000025,,riopen,110,demo.dct,3
   0.000041,,__ri_insert_demochild,455,demo.dct,2
   0.000028,,__ri_insert_demochild,462,demo.dct,2
   0.000029,,__ri_insert_demochild,463,demo.dct,2
   0.000032,,__ri_insert_demochild,464,demo.dct,2
   0.000142,,__ri_insert_demochild,465,demo.dct,2
   0.000036,,rireuse,157,demo.dct,3
   0.000018,,rireuse,158,demo.dct,3
   0.000019,,__ri_insert_demochild,466,demo.dct,2
   0.001018,,__ri_insert_demochild,467,demo.dct,2
   0.000025,,rierror,42,demo.dct,3
   0.000019,,rierror,43,demo.dct,3
   0.000042,,rierror,44,demo.dct,3
   0.000025,,rierror,48,demo.dct,3
   0.000028,,rierror,49,demo.dct,3
   0.000019,,rierror,50,demo.dct,3
   0.000018,,rierror,51,demo.dct,3
   0.000017,,rierror,52,demo.dct,3
   0.000025,,rierror,53,demo.dct,3
   0.000032,,rierror,55,demo.dct,3
   0.000019,,rierror,56,demo.dct,3
   0.000020,,rierror,57,demo.dct,3
   0.000027,,rierror,55,demo.dct,3
   0.000025,,rierror,56,demo.dct,3
   0.000019,,rierror,57,demo.dct,3
   0.000023,,rierror,55,demo.dct,3
   0.000018,,rierror,56,demo.dct,3
   0.000022,,rierror,57,demo.dct,3
   0.000029,,rierror,58,demo.dct,3
   0.000019,,rierror,59,demo.dct,3
   0.000019,,rierror,60,demo.dct,3
   0.000018,,rierror,61,demo.dct,3
   0.000024,,rierror,62,demo.dct,3
   0.000025,,rierror,63,demo.dct,3
   0.000019,,rierror,64,demo.dct,3
   0.000019,,rierror,65,demo.dct,3
   0.000023,,rierror,66,demo.dct,3
   0.000033,,__ri_insert_demochild,468,demo.dct,2
   0.001615,,__ri_insert_demochild,469,demo.dct,2
   0.000025,,riend,115,demo.dct,3
   0.000016,,riend,116,demo.dct,3
   0.000029,,riend,119,demo.dct,3
   0.000070,,riend,120,demo.dct,3
   0.000018,,riend,121,demo.dct,3
   0.000015,,riend,122,demo.dct,3
   0.000020,,riend,123,demo.dct,3
   0.000071,,riend,126,demo.dct,3
   0.000017,,riend,127,demo.dct,3
   0.000021,,riend,128,demo.dct,3
   0.000020,,riend,129,demo.dct,3
   0.000042,,riend,130,demo.dct,3
   0.000025,,riend,131,demo.dct,3
   0.000031,,riend,132,demo.dct,3
   0.000018,,riend,135,demo.dct,3
   0.000016,,riend,136,demo.dct,3
   0.000019,,riend,137,demo.dct,3
   0.000029,,riend,138,demo.dct,3
   0.000018,,riend,141,demo.dct,3
   0.000017,,riend,142,demo.dct,3
   0.000015,,riend,143,demo.dct,3
           ,,riend,144,demo.dct,3
   0.000024,,riend,145,demo.dct,3
   0.000575,,riend,146,demo.dct,3
           ,,riend,147,demo.dct,3
   0.000028,,riend,149,demo.dct,3
   0.000027,,riend,150,demo.dct,3
   0.000028,,__ri_insert_demochild,470,demo.dct,2
   0.000022,,__ri_insert_demochild,471,demo.dct,2
   0.000026,,__ri_insert_demochild,472,demo.dct,2
   1.004624,,on error,,,2
   1.001966,,errh,28,demo.fxp,3
   0.000110,,demo,14,demo.fxp,1
   1.038473,,on error,,,2
   1.035885,,errh,28,demo.fxp,3
   0.053998,,demo,15,demo.fxp,1
   0.000177,frmsameclasslib,frmsameclasslib.init,1,demo.vct,2
   0.000037,frmbase,frmbase.init,3,demo.vct,3
   0.000022,frmbase,frmbase.init,4,demo.vct,3
   0.000026,frmsameclasslib,frmsameclasslib.init,4,demo.vct,2
   0.000043,frmsameclasslib,frmsameclasslib.init,5,demo.vct,2
   0.000040,frmsameclasslib,frmsameclasslib.init,6,demo.vct,2
   0.000025,frmsameclasslib,frmsameclasslib.init,7,demo.vct,2
   0.000026,frmsameclasslib,frmsameclasslib.init,8,demo.vct,2
   0.000030,frmsameclasslib,frmsameclasslib.init,7,demo.vct,2
   0.000022,frmsameclasslib,frmsameclasslib.init,8,demo.vct,2
   0.000022,frmsameclasslib,frmsameclasslib.init,7,demo.vct,2
   0.000025,frmsameclasslib,frmsameclasslib.init,8,demo.vct,2
   0.000030,frmsameclasslib,frmsameclasslib.init,7,demo.vct,2
   0.000022,frmsameclasslib,frmsameclasslib.init,8,demo.vct,2
   0.000022,frmsameclasslib,frmsameclasslib.init,7,demo.vct,2
   0.000025,frmsameclasslib,frmsameclasslib.init,8,demo.vct,2
   0.000030,frmsameclasslib,frmsameclasslib.init,7,demo.vct,2
   0.000022,frmsameclasslib,frmsameclasslib.init,8,demo.vct,2
   0.000023,frmsameclasslib,frmsameclasslib.init,7,demo.vct,2
   0.000025,frmsameclasslib,frmsameclasslib.init,8,demo.vct,2
   0.000030,frmsameclasslib,frmsameclasslib.init,7,demo.vct,2
   0.000021,frmsameclasslib,frmsameclasslib.init,8,demo.vct,2
   0.000026,frmsameclasslib,frmsameclasslib.init,7,demo.vct,2
   0.000029,frmsameclasslib,frmsameclasslib.init,8,demo.vct,2
   0.000023,frmsameclasslib,frmsameclasslib.init,7,demo.vct,2
   0.000021,frmsameclasslib,frmsameclasslib.init,8,demo.vct,2
   0.000029,frmsameclasslib,frmsameclasslib.init,7,demo.vct,2
   0.000028,frmsameclasslib,frmsameclasslib.init,8,demo.vct,2
   0.000023,frmsameclasslib,frmsameclasslib.init,7,demo.vct,2
   0.000021,frmsameclasslib,frmsameclasslib.init,8,demo.vct,2
   0.000026,frmsameclasslib,frmsameclasslib.init,7,demo.vct,2
   0.000030,frmsameclasslib,frmsameclasslib.init,8,demo.vct,2
   0.000023,frmsameclasslib,frmsameclasslib.init,7,demo.vct,2
   0.000022,frmsameclasslib,frmsameclasslib.init,8,demo.vct,2
   0.000032,frmsameclasslib,frmsameclasslib.init,7,demo.vct,2
   0.000033,frmsameclasslib,frmsameclasslib.init,8,demo.vct,2
   0.000023,frmsameclasslib,frmsameclasslib.init,7,demo.vct,2
   0.000025,frmsameclasslib,frmsameclasslib.init,8,demo.vct,2
   0.000030,frmsameclasslib,frmsameclasslib.init,7,demo.vct,2
   0.000022,frmsameclasslib,frmsameclasslib.init,8,demo.vct,2
   0.000023,frmsameclasslib,frmsameclasslib.init,7,demo.vct,2
   0.000025,frmsameclasslib,frmsameclasslib.init,8,demo.vct,2
   0.000030,frmsameclasslib,frmsameclasslib.init,7,demo.vct,2
   0.000022,frmsameclasslib,frmsameclasslib.init,8,demo.vct,2
   0.000022,frmsameclasslib,frmsameclasslib.init,7,demo.vct,2
   0.000025,frmsameclasslib,frmsameclasslib.init,8,demo.vct,2
   0.000030,frmsameclasslib,frmsameclasslib.init,7,demo.vct,2
   0.000021,frmsameclasslib,frmsameclasslib.init,8,demo.vct,2
   0.000023,frmsameclasslib,frmsameclasslib.init,7,demo.vct,2
   0.000025,frmsameclasslib,frmsameclasslib.init,8,demo.vct,2
   0.000023,frmsameclasslib,frmsameclasslib.init,7,demo.vct,2
   0.000022,frmsameclasslib,frmsameclasslib.init,8,demo.vct,2
   0.000026,frmsameclasslib,frmsameclasslib.init,7,demo.vct,2
   0.000029,frmsameclasslib,frmsameclasslib.init,8,demo.vct,2
   0.000023,frmsameclasslib,frmsameclasslib.init,7,demo.vct,2
   0.000022,frmsameclasslib,frmsameclasslib.init,8,demo.vct,2
   0.000027,frmsameclasslib,frmsameclasslib.init,7,demo.vct,2
   0.000028,frmsameclasslib,frmsameclasslib.init,8,demo.vct,2
   0.000022,frmsameclasslib,frmsameclasslib.init,7,demo.vct,2
   0.000022,frmsameclasslib,frmsameclasslib.init,8,demo.vct,2
   0.000026,frmsameclasslib,frmsameclasslib.init,7,demo.vct,2
   0.000030,frmsameclasslib,frmsameclasslib.init,8,demo.vct,2
   0.000022,frmsameclasslib,frmsameclasslib.init,7,demo.vct,2
   0.000022,frmsameclasslib,frmsameclasslib.init,8,demo.vct,2
   0.000032,frmsameclasslib,frmsameclasslib.init,7,demo.vct,2
   0.000023,frmsameclasslib,frmsameclasslib.init,8,demo.vct,2
   0.000022,frmsameclasslib,frmsameclasslib.init,7,demo.vct,2
   0.000025,frmsameclasslib,frmsameclasslib.init,8,demo.vct,2
   0.000030,frmsameclasslib,frmsameclasslib.init,7,demo.vct,2
   0.000022,frmsameclasslib,frmsameclasslib.init,8,demo.vct,2
   0.000022,frmsameclasslib,frmsameclasslib.init,7,demo.vct,2
   0.000026,frmsameclasslib,frmsameclasslib.init,8,demo.vct,2
   0.000030,frmsameclasslib,frmsameclasslib.init,7,demo.vct,2
   0.000022,frmsameclasslib,frmsameclasslib.init,8,demo.vct,2
   0.000022,frmsameclasslib,frmsameclasslib.init,7,demo.vct,2
   0.000025,frmsameclasslib,frmsameclasslib.init,8,demo.vct,2
   0.000030,frmsameclasslib,frmsameclasslib.init,7,demo.vct,2
   0.000022,frmsameclasslib,frmsameclasslib.init,8,demo.vct,2
   0.000026,frmsameclasslib,frmsameclasslib.init,7,demo.vct,2
   0.000029,frmsameclasslib,frmsameclasslib.init,8,demo.vct,2
   0.000023,frmsameclasslib,frmsameclasslib.init,7,demo.vct,2
   0.000022,frmsameclasslib,frmsameclasslib.init,8,demo.vct,2
   0.000026,frmsameclasslib,frmsameclasslib.init,7,demo.vct,2
   0.000029,frmsameclasslib,frmsameclasslib.init,8,demo.vct,2
   0.000023,frmsameclasslib,frmsameclasslib.init,7,demo.vct,2
   0.000022,frmsameclasslib,frmsameclasslib.init,8,demo.vct,2
   0.000026,frmsameclasslib,frmsameclasslib.init,7,demo.vct,2
   0.000029,frmsameclasslib,frmsameclasslib.init,8,demo.vct,2
   0.000023,frmsameclasslib,frmsameclasslib.init,7,demo.vct,2
   0.000022,frmsameclasslib,frmsameclasslib.init,8,demo.vct,2
   0.000026,frmsameclasslib,frmsameclasslib.init,7,demo.vct,2
   0.000029,frmsameclasslib,frmsameclasslib.init,8,demo.vct,2
   0.000023,frmsameclasslib,frmsameclasslib.init,7,demo.vct,2
   0.000030,frmsameclasslib,frmsameclasslib.init,8,demo.vct,2
   0.000033,frmsameclasslib,frmsameclasslib.init,7,demo.vct,2
   0.000022,frmsameclasslib,frmsameclasslib.init,8,demo.vct,2
   0.000022,frmsameclasslib,frmsameclasslib.init,7,demo.vct,2
   0.000025,frmsameclasslib,frmsameclasslib.init,8,demo.vct,2
   0.000030,frmsameclasslib,frmsameclasslib.init,7,demo.vct,2
   0.000022,frmsameclasslib,frmsameclasslib.init,8,demo.vct,2
   0.000022,frmsameclasslib,frmsameclasslib.init,7,demo.vct,2
   0.000026,frmsameclasslib,frmsameclasslib.init,8,demo.vct,2
   0.000030,frmsameclasslib,frmsameclasslib.init,7,demo.vct,2
   0.000022,frmsameclasslib,frmsameclasslib.init,8,demo.vct,2
   0.000022,frmsameclasslib,frmsameclasslib.init,7,demo.vct,2
   0.000025,frmsameclasslib,frmsameclasslib.init,8,demo.vct,2
   0.000030,frmsameclasslib,frmsameclasslib.init,7,demo.vct,2
   0.000022,frmsameclasslib,frmsameclasslib.init,8,demo.vct,2
   0.000025,frmsameclasslib,frmsameclasslib.init,7,demo.vct,2
   0.000029,frmsameclasslib,frmsameclasslib.init,8,demo.vct,2
   0.000022,frmsameclasslib,frmsameclasslib.init,7,demo.vct,2
   0.000022,frmsameclasslib,frmsameclasslib.init,8,demo.vct,2
   0.000029,frmsameclasslib,frmsameclasslib.init,7,demo.vct,2
   0.000028,frmsameclasslib,frmsameclasslib.init,8,demo.vct,2
   0.000023,frmsameclasslib,frmsameclasslib.init,7,demo.vct,2
   0.000022,frmsameclasslib,frmsameclasslib.init,8,demo.vct,2
   0.000026,frmsameclasslib,frmsameclasslib.init,7,demo.vct,2
   0.000030,frmsameclasslib,frmsameclasslib.init,8,demo.vct,2
   0.000022,frmsameclasslib,frmsameclasslib.init,7,demo.vct,2
   0.000021,frmsameclasslib,frmsameclasslib.init,8,demo.vct,2
   0.000026,frmsameclasslib,frmsameclasslib.init,7,demo.vct,2
   0.000022,frmsameclasslib,frmsameclasslib.init,8,demo.vct,2
   0.000022,frmsameclasslib,frmsameclasslib.init,7,demo.vct,2
   0.000030,frmsameclasslib,frmsameclasslib.init,8,demo.vct,2
   0.000033,frmsameclasslib,frmsameclasslib.init,7,demo.vct,2
   0.000022,frmsameclasslib,frmsameclasslib.init,8,demo.vct,2
   0.000022,frmsameclasslib,frmsameclasslib.init,7,demo.vct,2
   0.000025,frmsameclasslib,frmsameclasslib.init,8,demo.vct,2
   0.000030,frmsameclasslib,frmsameclasslib.init,7,demo.vct,2
   0.000021,frmsameclasslib,frmsameclasslib.init,8,demo.vct,2
   0.000022,frmsameclasslib,frmsameclasslib.init,7,demo.vct,2
   0.000025,frmsameclasslib,frmsameclasslib.init,8,demo.vct,2
   0.000030,frmsameclasslib,frmsameclasslib.init,7,demo.vct,2
   0.000021,frmsameclasslib,frmsameclasslib.init,8,demo.vct,2
   0.000022,frmsameclasslib,frmsameclasslib.init,7,demo.vct,2
   0.000025,frmsameclasslib,frmsameclasslib.init,8,demo.vct,2
   0.000022,frmsameclasslib,frmsameclasslib.init,7,demo.vct,2
   0.000021,frmsameclasslib,frmsameclasslib.init,8,demo.vct,2
   0.000025,frmsameclasslib,frmsameclasslib.init,7,demo.vct,2
   0.000029,frmsameclasslib,frmsameclasslib.init,8,demo.vct,2
   0.000022,frmsameclasslib,frmsameclasslib.init,7,demo.vct,2
   0.000022,frmsameclasslib,frmsameclasslib.init,8,demo.vct,2
   0.000027,frmsameclasslib,frmsameclasslib.init,7,demo.vct,2
   0.000029,frmsameclasslib,frmsameclasslib.init,8,demo.vct,2
   0.000022,frmsameclasslib,frmsameclasslib.init,7,demo.vct,2
   0.000021,frmsameclasslib,frmsameclasslib.init,8,demo.vct,2
   0.000026,frmsameclasslib,frmsameclasslib.init,7,demo.vct,2
   0.000029,frmsameclasslib,frmsameclasslib.init,8,demo.vct,2
   0.000022,frmsameclasslib,frmsameclasslib.init,7,demo.vct,2
   0.000025,frmsameclasslib,frmsameclasslib.init,8,demo.vct,2
   0.000030,frmsameclasslib,frmsameclasslib.init,7,demo.vct,2
   0.000022,frmsameclasslib,frmsameclasslib.init,8,demo.vct,2
   0.000022,frmsameclasslib,frmsameclasslib.init,7,demo.vct,2
   0.000030,frmsameclasslib,frmsameclasslib.init,8,demo.vct,2
   0.000036,frmsameclasslib,frmsameclasslib.init,7,demo.vct,2
   0.000022,frmsameclasslib,frmsameclasslib.init,8,demo.vct,2
   0.000022,frmsameclasslib,frmsameclasslib.init,7,demo.vct,2
   0.000026,frmsameclasslib,frmsameclasslib.init,8,demo.vct,2
   0.000030,frmsameclasslib,frmsameclasslib.init,7,demo.vct,2
   0.000022,frmsameclasslib,frmsameclasslib.init,8,demo.vct,2
   0.000022,frmsameclasslib,frmsameclasslib.init,7,demo.vct,2
   0.000025,frmsameclasslib,frmsameclasslib.init,8,demo.vct,2
   0.000030,frmsameclasslib,frmsameclasslib.init,7,demo.vct,2
   0.000021,frmsameclasslib,frmsameclasslib.init,8,demo.vct,2
   0.000026,frmsameclasslib,frmsameclasslib.init,7,demo.vct,2
   0.000030,frmsameclasslib,frmsameclasslib.init,8,demo.vct,2
   0.000023,frmsameclasslib,frmsameclasslib.init,7,demo.vct,2
   0.000022,frmsameclasslib,frmsameclasslib.init,8,demo.vct,2
   0.000026,frmsameclasslib,frmsameclasslib.init,7,demo.vct,2
   0.000028,frmsameclasslib,frmsameclasslib.init,8,demo.vct,2
   0.000022,frmsameclasslib,frmsameclasslib.init,7,demo.vct,2
   0.000022,frmsameclasslib,frmsameclasslib.init,8,demo.vct,2
   0.000036,frmsameclasslib,frmsameclasslib.init,7,demo.vct,2
   0.000031,frmsameclasslib,frmsameclasslib.init,8,demo.vct,2
   0.000023,frmsameclasslib,frmsameclasslib.init,7,demo.vct,2
   0.000021,frmsameclasslib,frmsameclasslib.init,8,demo.vct,2
   0.000027,frmsameclasslib,frmsameclasslib.init,7,demo.vct,2
   0.000028,frmsameclasslib,frmsameclasslib.init,8,demo.vct,2
   0.000023,frmsameclasslib,frmsameclasslib.init,7,demo.vct,2
   0.000025,frmsameclasslib,frmsameclasslib.init,8,demo.vct,2
   0.000030,frmsameclasslib,frmsameclasslib.init,7,demo.vct,2
   0.000022,frmsameclasslib,frmsameclasslib.init,8,demo.vct,2
   0.000022,frmsameclasslib,frmsameclasslib.init,7,demo.vct,2
   0.000032,frmsameclasslib,frmsameclasslib.init,8,demo.vct,2
   0.000034,frmsameclasslib,frmsameclasslib.init,7,demo.vct,2
   0.000023,frmsameclasslib,frmsameclasslib.init,8,demo.vct,2
   0.000023,frmsameclasslib,frmsameclasslib.init,7,demo.vct,2
   0.000025,frmsameclasslib,frmsameclasslib.init,8,demo.vct,2
   0.000030,frmsameclasslib,frmsameclasslib.init,7,demo.vct,2
   0.000022,frmsameclasslib,frmsameclasslib.init,8,demo.vct,2
   0.000022,frmsameclasslib,frmsameclasslib.init,7,demo.vct,2
   0.000025,frmsameclasslib,frmsameclasslib.init,8,demo.vct,2
   0.000023,frmsameclasslib,frmsameclasslib.init,7,demo.vct,2
   0.000021,frmsameclasslib,frmsameclasslib.init,8,demo.vct,2
   0.000026,frmsameclasslib,frmsameclasslib.init,7,demo.vct,2
   0.000029,frmsameclasslib,frmsameclasslib.init,8,demo.vct,2
   0.000022,frmsameclasslib,frmsameclasslib.init,7,demo.vct,2
   0.000022,frmsameclasslib,frmsameclasslib.init,8,demo.vct,2
   0.000027,frmsameclasslib,frmsameclasslib.init,7,demo.vct,2
   0.000029,frmsameclasslib,frmsameclasslib.init,8,demo.vct,2
   0.000023,frmsameclasslib,frmsameclasslib.init,7,demo.vct,2
   0.000021,frmsameclasslib,frmsameclasslib.init,8,demo.vct,2
   0.000026,frmsameclasslib,frmsameclasslib.init,7,demo.vct,2
   0.000029,frmsameclasslib,frmsameclasslib.init,8,demo.vct,2
   0.000022,frmsameclasslib,frmsameclasslib.init,7,demo.vct,2
   0.000022,frmsameclasslib,frmsameclasslib.init,8,demo.vct,2
   0.000026,frmsameclasslib,frmsameclasslib.init,7,demo.vct,2
   0.000023,frmsameclasslib,frmsameclasslib.init,8,demo.vct,2
   0.000023,frmsameclasslib,frmsameclasslib.init,7,demo.vct,2
   0.000025,frmsameclasslib,frmsameclasslib.init,8,demo.vct,2
   0.000030,frmsameclasslib,frmsameclasslib.init,7,demo.vct,2
   0.000022,frmsameclasslib,frmsameclasslib.init,8,demo.vct,2
   0.000022,frmsameclasslib,frmsameclasslib.init,7,demo.vct,2
   0.000031,frmsameclasslib,frmsameclasslib.init,8,demo.vct,2
   0.000034,frmsameclasslib,frmsameclasslib.init,7,demo.vct,2
   0.000022,frmsameclasslib,frmsameclasslib.init,8,demo.vct,2
   0.000022,frmsameclasslib,frmsameclasslib.init,7,demo.vct,2
   0.000025,frmsameclasslib,frmsameclasslib.init,8,demo.vct,2
   0.000030,frmsameclasslib,frmsameclasslib.init,7,demo.vct,2
   0.000022,frmsameclasslib,frmsameclasslib.init,8,demo.vct,2
   0.000026,frmsameclasslib,frmsameclasslib.init,7,demo.vct,2
   0.000029,frmsameclasslib,frmsameclasslib.init,8,demo.vct,2
   0.000023,frmsameclasslib,frmsameclasslib.init,7,demo.vct,2
   0.000022,frmsameclasslib,frmsameclasslib.init,8,demo.vct,2
   0.000026,frmsameclasslib,frmsameclasslib.init,7,demo.vct,2
   0.000028,frmsameclasslib,frmsameclasslib.init,8,demo.vct,2
   0.000023,frmsameclasslib,frmsameclasslib.init,7,demo.vct,2
   0.000022,frmsameclasslib,frmsameclasslib.init,8,demo.vct,2
   4.955462,,demo,16,demo.fxp,1
   1.323571,,dataenvironment.beforeopentables,1,report1.frt,2
   1.019139,,dataenvironment.afterclosetables,1,report1.frt,2
   1.335215,,dataenvironment.beforeopentables,1,report1.frt,2
   1.013280,,dataenvironment.afterclosetables,1,report1.frt,2
   0.052628,,demo,17,demo.fxp,1
   3.987296,,demo,18,demo.fxp,1
   0.004696,,,26,demo.mpx,2
   0.000037,,,27,demo.mpx,2
   0.008088,,,32,demo.mpx,2
   0.009997,,,36,demo.mpx,2
   0.008590,,,40,demo.mpx,2
   0.008791,,,44,demo.mpx,2
   0.009001,,,48,demo.mpx,2
   0.009246,,,52,demo.mpx,2
   0.009450,,,56,demo.mpx,2
   0.000059,,,57,demo.mpx,2
   0.000026,,,58,demo.mpx,2
   0.000024,,,59,demo.mpx,2
   0.000046,,,60,demo.mpx,2
   0.000029,,,61,demo.mpx,2
   0.000024,,,62,demo.mpx,2
   0.000023,,,63,demo.mpx,2
   0.000048,,,65,demo.mpx,2
   0.000644,,,69,demo.mpx,2
   0.000597,,,73,demo.mpx,2
   0.000608,,,77,demo.mpx,2
   0.000569,,,80,demo.mpx,2
   0.000571,,,82,demo.mpx,2
   0.000613,,,86,demo.mpx,2
   0.000572,,,89,demo.mpx,2
   0.000573,,,92,demo.mpx,2
   0.000576,,,95,demo.mpx,2
   0.000572,,,97,demo.mpx,2
   0.000584,,,100,demo.mpx,2
   0.000577,,,103,demo.mpx,2
   0.000574,,,105,demo.mpx,2
   0.000576,,,108,demo.mpx,2
   0.000584,,,111,demo.mpx,2
   0.000792,,,115,demo.mpx,2
   0.000586,,,118,demo.mpx,2
   0.000578,,,120,demo.mpx,2
   0.000648,,,124,demo.mpx,2
   0.000039,,,126,demo.mpx,2
   0.000646,,,130,demo.mpx,2
   0.000627,,,134,demo.mpx,2
   0.000596,,,136,demo.mpx,2
   0.000627,,,140,demo.mpx,2
   0.000621,,,144,demo.mpx,2
   0.000642,,,148,demo.mpx,2
   0.000612,,,151,demo.mpx,2
   0.000604,,,154,demo.mpx,2
   0.000599,,,156,demo.mpx,2
   0.000631,,,160,demo.mpx,2
   0.000620,,,162,demo.mpx,2
   0.000731,,,166,demo.mpx,2
   0.000636,,,170,demo.mpx,2
   0.000607,,,172,demo.mpx,2
   0.000659,,,176,demo.mpx,2
   0.000653,,,180,demo.mpx,2
   0.000612,,,182,demo.mpx,2
   0.000037,,,185,demo.mpx,2
   0.000022,,,186,demo.mpx,2
   0.000619,,,189,demo.mpx,2
   0.000626,,,192,demo.mpx,2
   0.000616,,,195,demo.mpx,2
   0.000029,,,196,demo.mpx,2
   0.000626,,,199,demo.mpx,2
   0.000032,,,200,demo.mpx,2
   0.000042,,,202,demo.mpx,2
   0.000718,,,206,demo.mpx,2
   0.000714,,,210,demo.mpx,2
   0.000653,,,214,demo.mpx,2
   0.000671,,,218,demo.mpx,2
   0.000043,,,220,demo.mpx,2
   0.000654,,,223,demo.mpx,2
   0.000033,,,225,demo.mpx,2
   0.000033,,,228,demo.mpx,2
   0.000663,,,230,demo.mpx,2
   0.000658,,,233,demo.mpx,2
   0.000656,,,236,demo.mpx,2
   0.000660,,,239,demo.mpx,2
   0.000661,,,242,demo.mpx,2
   0.000675,,,245,demo.mpx,2
   0.000047,,,248,demo.mpx,2
   1.294994,,on error,,,3
   1.270422,,errh,28,demo.fxp,4
   0.000062,,,251,demo.mpx,2
   1.009768,,on error,,,3
   1.006665,,errh,28,demo.fxp,4
   0.000805,,,253,demo.mpx,2
   0.000706,,,256,demo.mpx,2
   0.000700,,,259,demo.mpx,2
   0.000693,,,262,demo.mpx,2
   0.000041,,,265,demo.mpx,2
   1.452060,,on error,,,3
   1.426338,,errh,28,demo.fxp,4
   0.000803,,,267,demo.mpx,2
   0.000710,,,270,demo.mpx,2
   0.001003,,,274,demo.mpx,2
   0.000726,,,277,demo.mpx,2
   0.000695,,,279,demo.mpx,2
   0.000709,,,282,demo.mpx,2
   0.000030,,,283,demo.mpx,2
   0.000039,,,285,demo.mpx,2
   0.000720,,,288,demo.mpx,2
   0.000727,,,291,demo.mpx,2
   0.000730,,,294,demo.mpx,2
   0.000736,,,297,demo.mpx,2
   0.000750,,,300,demo.mpx,2
   0.000766,,,303,demo.mpx,2
   0.000771,,,306,demo.mpx,2
   0.000784,,,309,demo.mpx,2
   0.000814,,,312,demo.mpx,2
   0.000820,,,315,demo.mpx,2
   0.000824,,,318,demo.mpx,2
   0.000831,,,321,demo.mpx,2
   0.000836,,,324,demo.mpx,2
   0.000850,,,327,demo.mpx,2
   0.000863,,,330,demo.mpx,2
   0.000045,,,332,demo.mpx,2
   0.000896,,,336,demo.mpx,2
   0.000870,,,339,demo.mpx,2
   0.000898,,,343,demo.mpx,2
   0.000878,,,346,demo.mpx,2
   0.000879,,,348,demo.mpx,2
   0.000886,,,351,demo.mpx,2
   0.000036,,,353,demo.mpx,2
   0.000910,,,356,demo.mpx,2
   0.000901,,,359,demo.mpx,2
   0.000908,,,361,demo.mpx,2
   0.000916,,,364,demo.mpx,2
   0.000909,,,367,demo.mpx,2
   0.000910,,,370,demo.mpx,2
   0.000921,,,373,demo.mpx,2
   0.000925,,,375,demo.mpx,2
   0.000927,,,378,demo.mpx,2
   0.000965,,,382,demo.mpx,2
   0.000937,,,384,demo.mpx,2
   0.000979,,,388,demo.mpx,2
   0.000954,,,391,demo.mpx,2
   0.000947,,,394,demo.mpx,2
   0.000037,,,396,demo.mpx,2
   0.000961,,,400,demo.mpx,2
   0.000963,,,403,demo.mpx,2
   0.000957,,,405,demo.mpx,2
   0.000956,,,408,demo.mpx,2
   0.000957,,,411,demo.mpx,2
   0.000955,,,413,demo.mpx,2
   0.000972,,,416,demo.mpx,2
   0.014951,,demo,19,demo.fxp,1
   0.017377,,demo,20,demo.fxp,1
   0.008981,,,5,demoquery.qpx,2
   0.000643,,demo,22,demo.fxp,1
   0.000703,,demo,23,demo.fxp,1
   0.000057,,demo,25,demo.fxp,1
   0.000022,,demo,26,demo.fxp,1